2025-05-18 08:09:45,861 - semgrep.notifications - WARNING - METRICS: Using configs from the Registry (like --config=p/ci) reports pseudonymous rule metrics to semgrep.dev.
To disable Registry rule metrics, use "--metrics=off".
Using configs only from local files (like --config=xyz.yml) does not enable metrics.

More information: https://semgrep.dev/docs/metrics

2025-05-18 08:09:45,862 - semgrep.run_scan - DEBUG - semgrep version 1.2.0
2025-05-18 08:09:45,872 - semgrep.config_resolver - DEBUG - Loading local config from /home/runner/workspace/.config/.semgrep/semgrep_rules.json
2025-05-18 08:09:45,874 - semgrep.config_resolver - DEBUG - Done loading local config from /home/runner/workspace/.config/.semgrep/semgrep_rules.json
2025-05-18 08:09:45,878 - semgrep.config_resolver - DEBUG - Saving rules to /tmp/semgrep-arkiis9h.rules
2025-05-18 08:09:46,072 - semgrep.semgrep_core - DEBUG - Failed to open resource semgrep-core-proprietary: [Errno 2] No such file or directory: '/tmp/_MEIDm0sR0/semgrep/bin/semgrep-core-proprietary'.
2025-05-18 08:09:46,575 - semgrep.rule_lang - DEBUG - semgrep-core validation response: valid=True
2025-05-18 08:09:46,575 - semgrep.rule_lang - DEBUG - semgrep-core validation succeeded
2025-05-18 08:09:46,575 - semgrep.rule_lang - DEBUG - RPC validation succeeded
2025-05-18 08:09:46,576 - semgrep.config_resolver - DEBUG - loaded 1 configs in 0.703871488571167
2025-05-18 08:09:46,652 - semgrep.run_scan - VERBOSE - running 711 rules from 1 config /home/runner/workspace/.config/.semgrep/semgrep_rules.json_0
2025-05-18 08:09:46,653 - semgrep.run_scan - VERBOSE - No .semgrepignore found. Using default .semgrepignore rules. See the docs for the list of default ignores: https://semgrep.dev/docs/cli-usage/#ignore-files
2025-05-18 08:09:46,655 - semgrep.run_scan - VERBOSE - Rules:
2025-05-18 08:09:46,655 - semgrep.run_scan - VERBOSE - <SKIPPED DATA (too many entries; use --max-log-list-entries)>
2025-05-18 08:09:47,342 - semgrep.core_runner - DEBUG - Passing whole rules directly to semgrep_core
2025-05-18 08:09:47,518 - semgrep.core_runner - DEBUG - Running Semgrep engine with command:
2025-05-18 08:09:47,518 - semgrep.core_runner - DEBUG - /tmp/_MEIDm0sR0/semgrep/bin/opengrep-core -json -rules /tmp/tmp3egkjmsg.json -j 8 -targets /tmp/tmp2ifoj558 -timeout 5 -timeout_threshold 3 -max_memory 0 -fast
2025-05-18 08:09:57,963 - semgrep.core_runner - DEBUG - --- semgrep-core stderr ---
[00.08][[34mINFO[0m]: Executed as: /tmp/_MEIDm0sR0/semgrep/bin/opengrep-core -json -rules /tmp/tmp3egkjmsg.json -j 8 -targets /tmp/tmp2ifoj558 -timeout 5 -timeout_threshold 3 -max_memory 0 -fast
[00.08][[34mINFO[0m]: Version: 1.2.0
[00.08][[34mINFO[0m]: Parsing rules in /tmp/tmp3egkjmsg.json
[00.54][[34mINFO[0m]: scan: processing 341 files (skipping 0), with 454 rules (skipping 0 )
[01.39][[33mWARNING[0m]: Fixpoint timeout while performing taint analysis [rule: config..semgrep.vendored-rules.javascript.lang.security.audit.unsafe-formatstring file: seed-users.js func: seedUsers:2949]
[0m[01.74][[33mWARNING[0m]: Fixpoint timeout while performing taint analysis [rule: config..semgrep.vendored-rules.javascript.lang.security.audit.unsafe-formatstring file: seed-users.ts func: seedUsers:5918]
[0m[03.24][[33mWARNING[0m]: Fixpoint timeout while performing taint analysis [rule: config..semgrep.vendored-rules.javascript.lang.security.audit.detect-non-literal-require file: server/routes.ts func: registerRoutes:13949]
[0m[03.35][[33mWARNING[0m]: Fixpoint timeout while performing taint analysis [rule: config..semgrep.vendored-rules.javascript.express.security.audit.remote-property-injection file: client/src/pages/admin/users.tsx func: AdminUsers:18600]
[0m[03.40][[33mWARNING[0m]: Fixpoint timeout while performing taint analysis [rule: config..semgrep.vendored-rules.javascript.express.security.injection.tainted-sql-string file: client/src/pages/admin/mood-analytics.tsx func: AdminMoodAnalytics:20957]
[0m[03.40][[33mWARNING[0m]: Fixpoint timeout while performing taint analysis [rule: config..semgrep.vendored-rules.javascript.express.security.injection.tainted-sql-string file: client/src/pages/user/quotes.tsx func: UserQuotes:16892]
[0m[03.76][[33mWARNING[0m]: Fixpoint timeout while performing taint analysis [rule: config..semgrep.vendored-rules.javascript.express.security.injection.tainted-sql-string file: server/routes.ts func: registerRoutes:13949]
[0m[04.57][[33mWARNING[0m]: Fixpoint timeout while performing taint analysis [rule: config..semgrep.vendored-rules.javascript.express.security.injection.raw-html-format file: server/routes.ts func: registerRoutes:13949]
[0m[04.60][[33mWARNING[0m]: Fixpoint timeout while performing taint analysis [rule: config..semgrep.vendored-rules.javascript.express.security.injection.raw-html-format file: server/routes.ts func: registerRoutes:13949]
[0m[05.56][[33mWARNING[0m]: Fixpoint timeout while performing taint analysis [rule: config..semgrep.vendored-rules.javascript.express.security.audit.xss.direct-response-write file: server/routes.ts func: registerRoutes:13949]
[0m[05.77][[33mWARNING[0m]: Fixpoint timeout while performing taint analysis [rule: config..semgrep.vendored-rules.javascript.express.security.audit.xss.direct-response-write file: server/routes.ts func: registerRoutes:13949]
[0m[05.78][[33mWARNING[0m]: Fixpoint timeout while performing taint analysis [rule: config..semgrep.vendored-rules.javascript.express.security.audit.xss.direct-response-write file: server/routes.ts func: registerRoutes:13949]
[0m[05.79][[33mWARNING[0m]: Fixpoint timeout while performing taint analysis [rule: config..semgrep.vendored-rules.javascript.lang.security.audit.detect-non-literal-require file: client/src/components/ui/sidebar.tsx func: ???]
[0m[06.03][[33mWARNING[0m]: Fixpoint timeout while performing taint analysis [rule: config..semgrep.vendored-rules.javascript.express.security.audit.res-render-injection file: client/src/pages/user/mood-tracker.tsx func: UserMoodTracker:39782]
[0m[06.04][[33mWARNING[0m]: Fixpoint timeout while performing taint analysis [rule: config..semgrep.vendored-rules.javascript.express.security.audit.remote-property-injection file: server/routes.ts func: registerRoutes:13949]
[0m[07.05][[33mWARNING[0m]: Fixpoint timeout while performing taint analysis [rule: config..semgrep.vendored-rules.javascript.lang.security.audit.path-traversal.path-join-resolve-traversal file: client/src/pages/admin/dashboard.tsx func: AdminDashboard:53840]
[0m[07.06][[33mWARNING[0m]: Fixpoint timeout while performing taint analysis [rule: config..semgrep.vendored-rules.javascript.express.security.express-wkhtmltoimage-injection file: server/routes.ts func: registerRoutes:13949]
[0m[07.16][[33mWARNING[0m]: Fixpoint timeout while performing taint analysis [rule: config..semgrep.vendored-rules.javascript.express.security.cors-misconfiguration file: client/src/pages/user/meditation.tsx func: UserMeditation:46423]
[0m[07.30][[33mWARNING[0m]: Fixpoint timeout while performing taint analysis [rule: config..semgrep.vendored-rules.javascript.lang.security.audit.detect-non-literal-require file: client/src/pages/admin/dashboard.tsx func: AdminDashboard:53840]
[0m[07.56][[33mWARNING[0m]: Fixpoint timeout while performing taint analysis [rule: config..semgrep.vendored-rules.javascript.express.security.injection.tainted-sql-string file: client/src/pages/admin/dashboard.tsx func: AdminDashboard:53840]
[0m[07.63][[33mWARNING[0m]: Fixpoint timeout while performing taint analysis [rule: config..semgrep.vendored-rules.javascript.express.security.x-frame-options-misconfiguration file: server/routes.ts func: registerRoutes:13949]
[0m[07.65][[33mWARNING[0m]: Fixpoint timeout while performing taint analysis [rule: config..semgrep.vendored-rules.javascript.express.security.x-frame-options-misconfiguration file: server/routes.ts func: registerRoutes:13949]
[0m[07.92][[33mWARNING[0m]: Fixpoint timeout while performing taint analysis [rule: config..semgrep.vendored-rules.javascript.express.security.require-request file: server/routes.ts func: registerRoutes:13949]
[0m[08.10][[33mWARNING[0m]: Fixpoint timeout while performing taint analysis [rule: config..semgrep.vendored-rules.javascript.express.security.injection.raw-html-format file: client/src/pages/admin/dashboard.tsx func: AdminDashboard:53840]
[0m[08.17][[33mWARNING[0m]: Fixpoint timeout while performing taint analysis [rule: config..semgrep.vendored-rules.javascript.express.security.audit.remote-property-injection file: client/src/pages/user/goals.tsx func: UserGoals:56994]
[0m[08.26][[33mWARNING[0m]: Fixpoint timeout while performing taint analysis [rule: config..semgrep.vendored-rules.javascript.express.security.require-request file: server/routes.ts func: registerRoutes:13949]
[0m[08.32][[33mWARNING[0m]: Fixpoint timeout while performing taint analysis [rule: config..semgrep.vendored-rules.javascript.express.security.require-request file: server/routes.ts func: registerRoutes:13949]
[0m[08.67][[33mWARNING[0m]: Fixpoint timeout while performing taint analysis [rule: config..semgrep.vendored-rules.javascript.express.security.cors-misconfiguration file: server/routes.ts func: registerRoutes:13949]
[0m[08.87][[33mWARNING[0m]: Fixpoint timeout while performing taint analysis [rule: config..semgrep.vendored-rules.javascript.express.security.audit.xss.direct-response-write file: client/src/pages/admin/dashboard.tsx func: AdminDashboard:53840]
[0m[08.94][[33mWARNING[0m]: Fixpoint timeout while performing taint analysis [rule: config..semgrep.vendored-rules.javascript.express.security.cors-misconfiguration file: server/routes.ts func: registerRoutes:13949]
[0m[08.94][[33mWARNING[0m]: Fixpoint timeout while performing taint analysis [rule: config..semgrep.vendored-rules.javascript.express.security.cors-misconfiguration file: server/routes.ts func: registerRoutes:13949]
[0m[08.98][[33mWARNING[0m]: Fixpoint timeout while performing taint analysis [rule: config..semgrep.vendored-rules.typescript.react.security.audit.react-href-var file: client/src/pages/user/analytics.tsx func: UserAnalytics:67467]
[0m[09.04][[33mWARNING[0m]: Fixpoint timeout while performing taint analysis [rule: config..semgrep.vendored-rules.javascript.express.security.audit.remote-property-injection file: client/src/pages/admin/dashboard.tsx func: AdminDashboard:53840]
[0m[10.39][[34mINFO[0m]: Custom ignore pattern: None
[10.39][[34mINFO[0m]: Custom ignore pattern: None
--- end semgrep-core stderr ---
2025-05-18 08:09:57,969 - semgrep.rule_match - DEBUG - match_key = ('', PosixPath('client/index.html'), 'config..semgrep.vendored-rules.html.security.audit.missing-integrity') match_id = 0ee74fd49637bebe183eca7188dbde26e386314e62cc2e7ba1ee60b377b638243fcd84e6c6fa04886198ccacfa6a711bfbcc61a28f9ddc913d5b3c53083cbc90_0
2025-05-18 08:09:57,970 - semgrep.rule_match - DEBUG - match_key = (' type="text/javascript" src="https://replit.com/public/js/replit-dev-banner.js" (?is).*integrity= (google-analytics\\.com|fonts\\.googleapis\\.com|fonts\\.gstatic\\.com|googletagmanager\\.com) .*rel\\s*=\\s*[\'"]?preconnect.* href="... :// ..." href="//..." href=\'... :// ...\' href=\'//...\' src="... :// ..." src="//..." src=\'... :// ...\' src=\'//...\' <link  type="text/javascript" src="https://replit.com/public/js/replit-dev-banner.js" > <script  type="text/javascript" src="https://replit.com/public/js/replit-dev-banner.js" >...</script>', PosixPath('client/index.html'), 'config..semgrep.vendored-rules.html.security.audit.missing-integrity') match_id = 0728b64e224596592d04447ba8a642ff94e1fb9fcc07be26d49dc7e7f6898e638ad16ffcaca086932c58f4c6400fe32603323afef02cf9bfebcb0e4a53562a40_0
2025-05-18 08:09:57,970 - semgrep.rule_match - DEBUG - match_key = (' type="text/javascript" src="https://replit.com/public/js/replit-dev-banner.js" (?is).*integrity= (google-analytics\\.com|fonts\\.googleapis\\.com|fonts\\.gstatic\\.com|googletagmanager\\.com) .*rel\\s*=\\s*[\'"]?preconnect.* href="... :// ..." href="//..." href=\'... :// ...\' href=\'//...\' src="... :// ..." src="//..." src=\'... :// ...\' src=\'//...\' <link  type="text/javascript" src="https://replit.com/public/js/replit-dev-banner.js" > <script  type="text/javascript" src="https://replit.com/public/js/replit-dev-banner.js" >...</script>', PosixPath('client/index.html'), 'config..semgrep.vendored-rules.html.security.audit.missing-integrity') match_id = 0728b64e224596592d04447ba8a642ff94e1fb9fcc07be26d49dc7e7f6898e638ad16ffcaca086932c58f4c6400fe32603323afef02cf9bfebcb0e4a53562a40_0
2025-05-18 08:09:57,971 - semgrep.rule_match - DEBUG - match_key = (' type="text/javascript" src="https://replit.com/public/js/replit-dev-banner.js" (?is).*integrity= (google-analytics\\.com|fonts\\.googleapis\\.com|fonts\\.gstatic\\.com|googletagmanager\\.com) .*rel\\s*=\\s*[\'"]?preconnect.* href="... :// ..." href="//..." href=\'... :// ...\' href=\'//...\' src="... :// ..." src="//..." src=\'... :// ...\' src=\'//...\' <link  type="text/javascript" src="https://replit.com/public/js/replit-dev-banner.js" > <script  type="text/javascript" src="https://replit.com/public/js/replit-dev-banner.js" >...</script>', PosixPath('client/index.html'), 'config..semgrep.vendored-rules.html.security.audit.missing-integrity') match_id = 0728b64e224596592d04447ba8a642ff94e1fb9fcc07be26d49dc7e7f6898e638ad16ffcaca086932c58f4c6400fe32603323afef02cf9bfebcb0e4a53562a40_0
2025-05-18 08:09:57,971 - semgrep.rule_match - DEBUG - match_key = ('', PosixPath('keep_alive.mjs'), 'config..semgrep.vendored-rules.javascript.lang.security.html-in-template-string') match_id = d353db967c90ed3a06b6c14cebf42ee36b078c63077266384630b4fef38a97f22e495d830177d0ea2463ef4f52062c9f7029bab36edb7b9eee9d9327d299e1bf_0
2025-05-18 08:09:57,972 - semgrep.rule_match - DEBUG - match_key = (' minutes</em></p>\n    </body>\n    </html>\n   .*</?[a-zA-Z] ` minutes</em></p>\n    </body>\n    </html>\n  ${PING_INTERVAL/1000/60}...`\n `...${PING_INTERVAL/1000/60} minutes</em></p>\n    </body>\n    </html>\n  `\n', PosixPath('keep_alive.mjs'), 'config..semgrep.vendored-rules.javascript.lang.security.html-in-template-string') match_id = 43cbfbf687ceeaf55bd442f12433f21dfcc33e1d726df2d310fb111fb588228878199680a95258f1c4d12a2cb0e27aae74dfde0c0ee8c3bb7c6862d80d77197b_0
2025-05-18 08:09:57,973 - semgrep.rule_match - DEBUG - match_key = (' minutes</em></p>\n    </body>\n    </html>\n   .*</?[a-zA-Z] ` minutes</em></p>\n    </body>\n    </html>\n  ${PING_INTERVAL/1000/60}...`\n `...${PING_INTERVAL/1000/60} minutes</em></p>\n    </body>\n    </html>\n  `\n', PosixPath('keep_alive.mjs'), 'config..semgrep.vendored-rules.javascript.lang.security.html-in-template-string') match_id = 43cbfbf687ceeaf55bd442f12433f21dfcc33e1d726df2d310fb111fb588228878199680a95258f1c4d12a2cb0e27aae74dfde0c0ee8c3bb7c6862d80d77197b_0
2025-05-18 08:09:57,974 - semgrep.rule_match - DEBUG - match_key = (' minutes</em></p>\n    </body>\n    </html>\n   .*</?[a-zA-Z] ` minutes</em></p>\n    </body>\n    </html>\n  ${PING_INTERVAL/1000/60}...`\n `...${PING_INTERVAL/1000/60} minutes</em></p>\n    </body>\n    </html>\n  `\n', PosixPath('keep_alive.mjs'), 'config..semgrep.vendored-rules.javascript.lang.security.html-in-template-string') match_id = 43cbfbf687ceeaf55bd442f12433f21dfcc33e1d726df2d310fb111fb588228878199680a95258f1c4d12a2cb0e27aae74dfde0c0ee8c3bb7c6862d80d77197b_0
2025-05-18 08:09:57,974 - semgrep.rule_match - DEBUG - match_key = ('', PosixPath('keep_alive.mjs'), 'config..semgrep.vendored-rules.javascript.express.security.injection.raw-html-format') match_id = 82dd5ec961bde34873265fdd6ad058dbe1339b8d7d4f4ba930001e79464364ca568428f47465f5cb7abeccd6e26350eedb773341665d645c077615da7f4a93f3_0
2025-05-18 08:09:57,975 - semgrep.rule_match - DEBUG - match_key = ('', PosixPath('keep_alive.mjs'), 'config..semgrep.vendored-rules.javascript.express.security.injection.raw-html-format') match_id = 82dd5ec961bde34873265fdd6ad058dbe1339b8d7d4f4ba930001e79464364ca568428f47465f5cb7abeccd6e26350eedb773341665d645c077615da7f4a93f3_0
2025-05-18 08:09:57,975 - semgrep.rule_match - DEBUG - match_key = ('', PosixPath('keep_alive.mjs'), 'config..semgrep.vendored-rules.javascript.express.security.injection.raw-html-format') match_id = 82dd5ec961bde34873265fdd6ad058dbe1339b8d7d4f4ba930001e79464364ca568428f47465f5cb7abeccd6e26350eedb773341665d645c077615da7f4a93f3_0
2025-05-18 08:09:57,976 - semgrep.rule_match - DEBUG - match_key = ('', PosixPath('keep_alive.mjs'), 'config..semgrep.vendored-rules.javascript.express.security.injection.raw-html-format') match_id = 82dd5ec961bde34873265fdd6ad058dbe1339b8d7d4f4ba930001e79464364ca568428f47465f5cb7abeccd6e26350eedb773341665d645c077615da7f4a93f3_0
2025-05-18 08:09:57,977 - semgrep.core_runner - DEBUG - semgrep ran in 0:00:10.635573 on 116 files
2025-05-18 08:09:57,979 - semgrep.core_runner - DEBUG - findings summary: 3 warning, 0 error, 0 info
2025-05-18 08:09:57,981 - semgrep.app.auth - DEBUG - Getting API token from settings file
2025-05-18 08:09:57,981 - semgrep.app.auth - DEBUG - No API token found in settings file
2025-05-18 08:09:57,982 - semgrep.semgrep_core - DEBUG - Failed to open resource semgrep-core-proprietary: [Errno 2] No such file or directory: '/tmp/_MEIDm0sR0/semgrep/bin/semgrep-core-proprietary'.
2025-05-18 08:09:58,095 - semgrep.output - VERBOSE - 
========================================
Files skipped:
========================================

  Always skipped by Opengrep:

   • <none>

  Skipped by .gitignore:
  (Disable by passing --no-git-ignore)

   • <all files not listed by `git ls-files` were skipped>

  Skipped by .semgrepignore:
  - https://semgrep.dev/docs/ignoring-files-folders-code/#understand-semgrep-defaults

   • <none>

  Skipped by --include patterns:

   • <none>

  Skipped by --exclude patterns:

   • <none>

  Files skipped due to insufficient read permissions:

   • <none>

  Skipped by limiting to files smaller than 1000000 bytes:
  (Adjust with the --max-target-bytes flag)

   • attached_assets/Final Report SMS-Mahrshi.docx
   • attached_assets/Final Report SMS-Mahrshi.pdf
   • attached_assets/Final Report SMS-Mahrshi.zip
   • attached_assets/logo.png
   • generated-icon.png

  Partially analyzed due to parsing or internal Opengrep errors

   • code_images/capture_code.html (223 lines skipped)
   • tailwind.config.ts (1 lines skipped)

2025-05-18 08:09:58,096 - semgrep.output - INFO - Some files were skipped or only partially analyzed.
  Scan was limited to files tracked by git.
  Partially scanned: 2 files only partially analyzed due to parsing or internal Opengrep errors
  Scan skipped: 5 files larger than 1.0 MB
  For a full list of skipped files, run opengrep with the --verbose flag.

Ran 435 rules on 116 files: 3 findings.
2025-05-18 08:09:58,096 - semgrep.app.version - DEBUG - Version cache does not exist
2025-05-18 08:09:58,112 - semgrep.metrics - VERBOSE - Not sending pseudonymous metrics since metrics are configured to OFF and registry usage is False
